2014-12-03 15:09:00 Error: [MissingViewException] View file "C:\wamp\www\ProyectoPlanilla\app\View\Escuelas\index.ctp" is missing.
Exception Attributes: array (
  'file' => 'C:\\wamp\\www\\ProyectoPlanilla\\app\\View\\Escuelas\\index.ctp',
)
Request URL: /ProyectoPlanilla/escuelas
Stack Trace:
#0 C:\wamp\www\ProyectoPlanilla\lib\Cake\View\View.php(468): View->_getViewFileName(NULL)
#1 C:\wamp\www\ProyectoPlanilla\lib\Cake\Controller\Controller.php(954): View->render(NULL, NULL)
#2 C:\wamp\www\ProyectoPlanilla\lib\Cake\Routing\Dispatcher.php(198): Controller->render()
#3 C:\wamp\www\ProyectoPlanilla\lib\Cake\Routing\Dispatcher.php(165): Dispatcher->_invoke(Object(EscuelasController), Object(CakeRequest))
#4 C:\wamp\www\ProyectoPlanilla\app\webroot\index.php(99): Dispatcher->dispatch(Object(CakeRequest), Object(CakeResponse))
#5 {main}
2014-12-03 15:21:29 Error: [NotFoundException] Invalid escuela
Request URL: /ProyectoPlanilla/escuelas/view
Stack Trace:
#0 [internal function]: EscuelasController->view()
#1 C:\wamp\www\ProyectoPlanilla\lib\Cake\Controller\Controller.php(490): ReflectionMethod->invokeArgs(Object(EscuelasController), Array)
#2 C:\wamp\www\ProyectoPlanilla\lib\Cake\Routing\Dispatcher.php(191): Controller->invokeAction(Object(CakeRequest))
#3 C:\wamp\www\ProyectoPlanilla\lib\Cake\Routing\Dispatcher.php(165): Dispatcher->_invoke(Object(EscuelasController), Object(CakeRequest))
#4 C:\wamp\www\ProyectoPlanilla\app\webroot\index.php(99): Dispatcher->dispatch(Object(CakeRequest), Object(CakeResponse))
#5 {main}
2014-12-03 15:25:21 Error: [NotFoundException] Invalid escuela
Request URL: /ProyectoPlanilla/escuelas/view
Stack Trace:
#0 [internal function]: EscuelasController->view()
#1 C:\wamp\www\ProyectoPlanilla\lib\Cake\Controller\Controller.php(490): ReflectionMethod->invokeArgs(Object(EscuelasController), Array)
#2 C:\wamp\www\ProyectoPlanilla\lib\Cake\Routing\Dispatcher.php(191): Controller->invokeAction(Object(CakeRequest))
#3 C:\wamp\www\ProyectoPlanilla\lib\Cake\Routing\Dispatcher.php(165): Dispatcher->_invoke(Object(EscuelasController), Object(CakeRequest))
#4 C:\wamp\www\ProyectoPlanilla\app\webroot\index.php(99): Dispatcher->dispatch(Object(CakeRequest), Object(CakeResponse))
#5 {main}
2014-12-03 15:27:12 Error: Fatal Error (1): Call to a member function getDataSource() on a non-object in [C:\wamp\www\ProyectoPlanilla\lib\Cake\Model\Datasource\DboSource.php, line 1128]
2014-12-03 15:27:12 Error: [FatalErrorException] Call to a member function getDataSource() on a non-object
Request URL: /ProyectoPlanilla/escuelas/view/1
Stack Trace:
#0 C:\wamp\www\ProyectoPlanilla\lib\Cake\Error\ErrorHandler.php(203): ErrorHandler::handleFatalError(1, 'Call to a membe...', 'C:\\wamp\\www\\Pro...', 1128)
#1 [internal function]: ErrorHandler::handleError(1, 'Call to a membe...', 'C:\\wamp\\www\\Pro...', 1128, Array)
#2 C:\wamp\www\ProyectoPlanilla\lib\Cake\Core\App.php(931): call_user_func('ErrorHandler::h...', 1, 'Call to a membe...', 'C:\\wamp\\www\\Pro...', 1128, Array)
#3 C:\wamp\www\ProyectoPlanilla\lib\Cake\Core\App.php(904): App::_checkFatalError()
#4 [internal function]: App::shutdown()
#5 {main}
2014-12-03 15:27:29 Error: Fatal Error (1): Call to a member function getDataSource() on a non-object in [C:\wamp\www\ProyectoPlanilla\lib\Cake\Model\Datasource\DboSource.php, line 1128]
2014-12-03 15:27:29 Error: [FatalErrorException] Call to a member function getDataSource() on a non-object
Request URL: /ProyectoPlanilla/escuelas/view/2
Stack Trace:
#0 C:\wamp\www\ProyectoPlanilla\lib\Cake\Error\ErrorHandler.php(203): ErrorHandler::handleFatalError(1, 'Call to a membe...', 'C:\\wamp\\www\\Pro...', 1128)
#1 [internal function]: ErrorHandler::handleError(1, 'Call to a membe...', 'C:\\wamp\\www\\Pro...', 1128, Array)
#2 C:\wamp\www\ProyectoPlanilla\lib\Cake\Core\App.php(931): call_user_func('ErrorHandler::h...', 1, 'Call to a membe...', 'C:\\wamp\\www\\Pro...', 1128, Array)
#3 C:\wamp\www\ProyectoPlanilla\lib\Cake\Core\App.php(904): App::_checkFatalError()
#4 [internal function]: App::shutdown()
#5 {main}
2014-12-03 15:53:38 Error: Fatal Error (1): Call to a member function getDataSource() on a non-object in [C:\wamp\www\ProyectoPlanilla\lib\Cake\Model\Datasource\DboSource.php, line 1128]
2014-12-03 15:53:38 Error: [FatalErrorException] Call to a member function getDataSource() on a non-object
Request URL: /ProyectoPlanilla/escuelas/view/1
Stack Trace:
#0 C:\wamp\www\ProyectoPlanilla\lib\Cake\Error\ErrorHandler.php(203): ErrorHandler::handleFatalError(1, 'Call to a membe...', 'C:\\wamp\\www\\Pro...', 1128)
#1 [internal function]: ErrorHandler::handleError(1, 'Call to a membe...', 'C:\\wamp\\www\\Pro...', 1128, Array)
#2 C:\wamp\www\ProyectoPlanilla\lib\Cake\Core\App.php(931): call_user_func('ErrorHandler::h...', 1, 'Call to a membe...', 'C:\\wamp\\www\\Pro...', 1128, Array)
#3 C:\wamp\www\ProyectoPlanilla\lib\Cake\Core\App.php(904): App::_checkFatalError()
#4 [internal function]: App::shutdown()
#5 {main}
2014-12-03 15:53:44 Error: Fatal Error (1): Call to a member function getDataSource() on a non-object in [C:\wamp\www\ProyectoPlanilla\lib\Cake\Model\Datasource\DboSource.php, line 1128]
2014-12-03 15:53:44 Error: [FatalErrorException] Call to a member function getDataSource() on a non-object
Request URL: /ProyectoPlanilla/escuelas/view/1
Stack Trace:
#0 C:\wamp\www\ProyectoPlanilla\lib\Cake\Error\ErrorHandler.php(203): ErrorHandler::handleFatalError(1, 'Call to a membe...', 'C:\\wamp\\www\\Pro...', 1128)
#1 [internal function]: ErrorHandler::handleError(1, 'Call to a membe...', 'C:\\wamp\\www\\Pro...', 1128, Array)
#2 C:\wamp\www\ProyectoPlanilla\lib\Cake\Core\App.php(931): call_user_func('ErrorHandler::h...', 1, 'Call to a membe...', 'C:\\wamp\\www\\Pro...', 1128, Array)
#3 C:\wamp\www\ProyectoPlanilla\lib\Cake\Core\App.php(904): App::_checkFatalError()
#4 [internal function]: App::shutdown()
#5 {main}
